<?xml version="1.0" encoding="UTF-8"?>
<testng-results skipped="0" failed="0" ignored="0" total="1" passed="1">
  <reporter-output>
  </reporter-output>
  <suite name="Default suite" duration-ms="23998" started-at="2020-07-14T13:43:22 EET" finished-at="2020-07-14T13:43:46 EET">
    <groups>
    </groups>
    <test name="Default test" duration-ms="23998" started-at="2020-07-14T13:43:22 EET" finished-at="2020-07-14T13:43:46 EET">
      <class name="tests.UserRegistrationWithJavaFakerLib">
        <test-method status="PASS" signature="startDriver(java.lang.String)[pri:0, instance:tests.UserRegistrationWithJavaFakerLib@cb51256]" name="startDriver" is-config="true" duration-ms="24210" started-at="2020-07-14T13:42:58 EET" finished-at="2020-07-14T13:43:22 EET">
          <params>
            <param index="0">
              <value>
                <![CDATA[chrome]]>
              </value>
            </param>
          </params>
          <reporter-output>
          </reporter-output>
        </test-method> <!-- startDriver -->
        <test-method status="PASS" signature="userRegisterSuccessfully()[pri:0, instance:tests.UserRegistrationWithJavaFakerLib@cb51256]" name="userRegisterSuccessfully" duration-ms="23958" started-at="2020-07-14T13:43:22 EET" finished-at="2020-07-14T13:43:46 EET">
          <reporter-output>
          </reporter-output>
        </test-method> <!-- userRegisterSuccessfully -->
        <test-method status="PASS" signature="screenshotOnFailure(org.testng.ITestResult)[pri:0, instance:tests.UserRegistrationWithJavaFakerLib@cb51256]" name="screenshotOnFailure" is-config="true" duration-ms="1" started-at="2020-07-14T13:43:46 EET" finished-at="2020-07-14T13:43:46 EET">
          <params>
            <param index="0">
              <value>
                <![CDATA[[TestResult name=userRegisterSuccessfully status=SUCCESS method=UserRegistrationWithJavaFakerLib.userRegisterSuccessfully()[pri:0, instance:tests.UserRegistrationWithJavaFakerLib@cb51256] output={null}]]]>
              </value>
            </param>
          </params>
          <reporter-output>
          </reporter-output>
        </test-method> <!-- screenshotOnFailure -->
        <test-method status="PASS" signature="closeDriver()[pri:0, instance:tests.UserRegistrationWithJavaFakerLib@cb51256]" name="closeDriver" is-config="true" duration-ms="1231" started-at="2020-07-14T13:43:46 EET" finished-at="2020-07-14T13:43:47 EET">
          <reporter-output>
          </reporter-output>
        </test-method> <!-- closeDriver -->
      </class> <!-- tests.UserRegistrationWithJavaFakerLib -->
    </test> <!-- Default test -->
  </suite> <!-- Default suite -->
</testng-results>
